app/build/outputs/logs/manifest-merger-debug-report.txt
-- Merging decision tree log ---
manifest
ADDED from src/main/AndroidManifest.xml:2:1-48:12
INJECTED from src/main/AndroidManifest.xml:2:1-48:12
INJECTED from src/main/AndroidManifest.xml:2:1-48:12
INJECTED from src/main/AndroidManifest.xml:2:1-48:12
MERGED from [com.mikepenz:materialdrawer:5.6.0] AndroidManifest.xml:2:1-12:12
MERGED from [com.github.IndoorLocation:gps-indoor-location-provider-android:1.0.3] AndroidManifest.xml:2:1-14:12
MERGED from [io.mapwize.indoormaps:MapwizeForMapbox:1.0.3] AndroidManifest.xml:2:1-12:12
MERGED from [com.mapbox.mapboxsdk:mapbox-android-services:2.2.9] AndroidManifest.xml:2:1-14:12
MERGED from [com.mapbox.mapboxsdk:mapbox-android-sdk:5.3.1] AndroidManifest.xml:2:1-31:12
MERGED from [com.mapbox.mapboxsdk:mapbox-android-telemetry:2.2.9] AndroidManifest.xml:2:1-13:12
MERGED from [com.mapzen.android:lost:3.0.4] AndroidManifest.xml:2:1-34:12
MERGED from [com.android.support:design:27.0.2] AndroidManifest.xml:17:1-22:12
MERGED from [com.android.support:appcompat-v7:27.0.2] AndroidManifest.xml:17:1-22:12
MERGED from [com.android.support.constraint:constraint-layout:1.0.2] AndroidManifest.xml:2:1-11:12
MERGED from [com.android.support:recyclerview-v7:27.0.2] AndroidManifest.xml:17:1-22:12
MERGED from [com.android.support:cardview-v7:27.0.2] AndroidManifest.xml:17:1-22:12
MERGED from [com.github.IndoorLocation:indoor-location-android:1.0.4] AndroidManifest.xml:2:1-12:12
MERGED from [me.dm7.barcodescanner:zxing:1.9.8] AndroidManifest.xml:2:1-13:12
MERGED from [com.android.support:animated-vector-drawable:27.0.2] AndroidManifest.xml:17:1-22:12
MERGED from [com.android.support:support-vector-drawable:27.0.2] AndroidManifest.xml:17:1-22:12
MERGED from [com.android.support:transition:27.0.2] AndroidManifest.xml:17:1-22:12
MERGED from [me.dm7.barcodescanner:core:1.9.8] AndroidManifest.xml:2:1-13:12
MERGED from [com.android.support:support-v4:27.0.2] AndroidManifest.xml:17:1-22:12
MERGED from [com.android.support:support-fragment:27.0.2] AndroidManifest.xml:17:1-22:12
MERGED from [com.android.support:support-core-utils:27.0.2] AndroidManifest.xml:17:1-22:12
MERGED from [com.android.support:support-core-ui:27.0.2] AndroidManifest.xml:17:1-22:12
MERGED from [com.android.support:support-media-compat:27.0.2] AndroidManifest.xml:17:1-22:12
MERGED from [com.android.support:support-compat:27.0.2] AndroidManifest.xml:17:1-22:12
MERGED from [com.mikepenz:materialize:1.0.0] AndroidManifest.xml:2:1-12:12
MERGED from [com.mikepenz:iconics-core:2.8.0] AndroidManifest.xml:2:1-12:12
MERGED from [com.mikepenz:fastadapter:1.8.0] AndroidManifest.xml:2:1-12:12
MERGED from [io.realm:realm-android-library:3.0.0] AndroidManifest.xml:2:1-11:12
MERGED from [com.github.franmontiel:PersistentCookieJar:v1.0.1] AndroidManifest.xml:2:1-14:12
MERGED from [com.getkeepsafe.relinker:relinker:1.2.2] AndroidManifest.xml:2:1-9:12
MERGED from [com.jakewharton.timber:timber:4.5.1] AndroidManifest.xml:2:1-10:12
MERGED from [android.arch.lifecycle:runtime:1.0.3] AndroidManifest.xml:17:1-24:12
INJECTED from src/main/AndroidManifest.xml:2:1-48:12
INJECTED from src/main/AndroidManifest.xml:2:1-48:12
INJECTED from src/main/AndroidManifest.xml:2:1-48:12
	package
		ADDED from src/main/AndroidManifest.xml:4:5-29
		INJECTED from src/main/AndroidManifest.xml
		INJECTED from src/main/AndroidManifest.xml
	android:versionName
		INJECTED from src/main/AndroidManifest.xml
		ADDED from src/main/AndroidManifest.xml:2:1-48:12
		INJECTED from src/main/AndroidManifest.xml
	xmlns:tools
		ADDED from src/main/AndroidManifest.xml:3:5-51
	android:versionCode
		INJECTED from src/main/AndroidManifest.xml
		ADDED from src/main/AndroidManifest.xml:2:1-48:12
		INJECTED from src/main/AndroidManifest.xml
	xmlns:android
		ADDED from src/main/AndroidManifest.xml:2:11-69
uses-permission#android.permission.INTERNET
ADDED from src/main/AndroidManifest.xml:6:5-67
MERGED from [com.mapbox.mapboxsdk:mapbox-android-services:2.2.9] AndroidManifest.xml:12:5-67
MERGED from [com.mapbox.mapboxsdk:mapbox-android-services:2.2.9] AndroidManifest.xml:12:5-67
MERGED from [com.mapbox.mapboxsdk:mapbox-android-sdk:5.3.1] AndroidManifest.xml:21:5-67
MERGED from [com.mapbox.mapboxsdk:mapbox-android-sdk:5.3.1] AndroidManifest.xml:21:5-67
	android:name
		ADDED from src/main/AndroidManifest.xml:6:22-64
uses-permission#android.permission.ACCESS_NETWORK_STATE
ADDED from src/main/AndroidManifest.xml:7:5-79
MERGED from [com.mapbox.mapboxsdk:mapbox-android-sdk:5.3.1] AndroidManifest.xml:22:5-79
MERGED from [com.mapbox.mapboxsdk:mapbox-android-sdk:5.3.1] AndroidManifest.xml:22:5-79
	android:name
		ADDED from src/main/AndroidManifest.xml:7:22-76
uses-permission#android.permission.ACCESS_COARSE_LOCATION
ADDED from src/main/AndroidManifest.xml:8:5-81
MERGED from [com.github.IndoorLocation:gps-indoor-location-provider-android:1.0.3] AndroidManifest.xml:11:5-81
MERGED from [com.github.IndoorLocation:gps-indoor-location-provider-android:1.0.3] AndroidManifest.xml:11:5-81
	android:name
		ADDED from src/main/AndroidManifest.xml:8:22-78
uses-permission#android.permission.ACCESS_FINE_LOCATION
ADDED from src/main/AndroidManifest.xml:9:5-79
MERGED from [com.github.IndoorLocation:gps-indoor-location-provider-android:1.0.3] AndroidManifest.xml:12:5-79
MERGED from [com.github.IndoorLocation:gps-indoor-location-provider-android:1.0.3] AndroidManifest.xml:12:5-79
MERGED from [com.mapbox.mapboxsdk:mapbox-android-services:2.2.9] AndroidManifest.xml:11:5-79
MERGED from [com.mapbox.mapboxsdk:mapbox-android-services:2.2.9] AndroidManifest.xml:11:5-79
	android:name
		ADDED from src/main/AndroidManifest.xml:9:22-76
uses-permission#android.permission.CAMERA
ADDED from src/main/AndroidManifest.xml:10:5-65
	android:name
		ADDED from src/main/AndroidManifest.xml:10:22-62
application
ADDED from src/main/AndroidManifest.xml:12:5-46:19
MERGED from [com.mapbox.mapboxsdk:mapbox-android-sdk:5.3.1] AndroidManifest.xml:25:5-29:19
MERGED from [com.mapbox.mapboxsdk:mapbox-android-sdk:5.3.1] AndroidManifest.xml:25:5-29:19
MERGED from [com.mapzen.android:lost:3.0.4] AndroidManifest.xml:21:5-32:19
MERGED from [com.mapzen.android:lost:3.0.4] AndroidManifest.xml:21:5-32:19
MERGED from [com.android.support.constraint:constraint-layout:1.0.2] AndroidManifest.xml:9:5-20
MERGED from [com.android.support.constraint:constraint-layout:1.0.2] AndroidManifest.xml:9:5-20
MERGED from [me.dm7.barcodescanner:zxing:1.9.8] AndroidManifest.xml:11:5-20
MERGED from [me.dm7.barcodescanner:zxing:1.9.8] AndroidManifest.xml:11:5-20
MERGED from [me.dm7.barcodescanner:core:1.9.8] AndroidManifest.xml:11:5-20
MERGED from [me.dm7.barcodescanner:core:1.9.8] AndroidManifest.xml:11:5-20
MERGED from [com.github.franmontiel:PersistentCookieJar:v1.0.1] AndroidManifest.xml:12:5-20
MERGED from [com.github.franmontiel:PersistentCookieJar:v1.0.1] AndroidManifest.xml:12:5-20
MERGED from [com.jakewharton.timber:timber:4.5.1] AndroidManifest.xml:8:5-20
MERGED from [com.jakewharton.timber:timber:4.5.1] AndroidManifest.xml:8:5-20
	android:supportsRtl
		ADDED from src/main/AndroidManifest.xml:18:9-35
	android:label
		ADDED from src/main/AndroidManifest.xml:13:9-32
	android:roundIcon
		ADDED from src/main/AndroidManifest.xml:17:9-48
	android:icon
		ADDED from src/main/AndroidManifest.xml:16:9-43
	android:allowBackup
		ADDED from src/main/AndroidManifest.xml:15:9-35
	android:theme
		ADDED from src/main/AndroidManifest.xml:19:9-40
	tools:replace
		ADDED from src/main/AndroidManifest.xml:20:9-38
	android:name
		ADDED from src/main/AndroidManifest.xml:14:9-43
activity#io.mapwize.app.SplashActivity
ADDED from src/main/AndroidManifest.xml:22:9-29:20
	android:theme
		ADDED from src/main/AndroidManifest.xml:24:13-47
	android:name
		ADDED from src/main/AndroidManifest.xml:23:13-43
intent-filter#action:name:android.intent.action.MAIN+category:name:android.intent.category.LAUNCHER
ADDED from src/main/AndroidManifest.xml:25:13-28:29
action#android.intent.action.MAIN
ADDED from src/main/AndroidManifest.xml:26:17-69
	android:name
		ADDED from src/main/AndroidManifest.xml:26:25-66
category#android.intent.category.LAUNCHER
ADDED from src/main/AndroidManifest.xml:27:17-77
	android:name
		ADDED from src/main/AndroidManifest.xml:27:27-74
activity#io.mapwize.app.MapActivity
ADDED from src/main/AndroidManifest.xml:31:9-37:20
	android:screenOrientation
		ADDED from src/main/AndroidManifest.xml:33:13-49
	android:configChanges
		ADDED from src/main/AndroidManifest.xml:34:13-59
	android:theme
		ADDED from src/main/AndroidManifest.xml:35:13-79
	android:name
		ADDED from src/main/AndroidManifest.xml:32:13-40
activity#io.mapwize.app.ScannerActivity
ADDED from src/main/AndroidManifest.xml:39:9-44:20
	android:screenOrientation
		ADDED from src/main/AndroidManifest.xml:41:13-49
	android:configChanges
		ADDED from src/main/AndroidManifest.xml:42:13-59
	android:theme
		ADDED from src/main/AndroidManifest.xml:43:13-79
	android:name
		ADDED from src/main/AndroidManifest.xml:40:13-44
uses-sdk
INJECTED from src/main/AndroidManifest.xml reason: use-sdk injection requested
INJECTED from src/main/AndroidManifest.xml
INJECTED from src/main/AndroidManifest.xml
MERGED from [com.mikepenz:materialdrawer:5.6.0] AndroidManifest.xml:8:5-10:41
MERGED from [com.mikepenz:materialdrawer:5.6.0] AndroidManifest.xml:8:5-10:41
MERGED from [com.github.IndoorLocation:gps-indoor-location-provider-android:1.0.3] AndroidManifest.xml:7:5-9:41
MERGED from [com.github.IndoorLocation:gps-indoor-location-provider-android:1.0.3] AndroidManifest.xml:7:5-9:41
MERGED from [io.mapwize.indoormaps:MapwizeForMapbox:1.0.3] AndroidManifest.xml:8:5-10:41
MERGED from [io.mapwize.indoormaps:MapwizeForMapbox:1.0.3] AndroidManifest.xml:8:5-10:41
MERGED from [com.mapbox.mapboxsdk:mapbox-android-services:2.2.9] AndroidManifest.xml:7:5-9:41
MERGED from [com.mapbox.mapboxsdk:mapbox-android-services:2.2.9] AndroidManifest.xml:7:5-9:41
MERGED from [com.mapbox.mapboxsdk:mapbox-android-sdk:5.3.1] AndroidManifest.xml:6:5-9:51
MERGED from [com.mapbox.mapboxsdk:mapbox-android-sdk:5.3.1] AndroidManifest.xml:6:5-9:51
MERGED from [com.mapbox.mapboxsdk:mapbox-android-telemetry:2.2.9] AndroidManifest.xml:8:5-11:51
MERGED from [com.mapbox.mapboxsdk:mapbox-android-telemetry:2.2.9] AndroidManifest.xml:8:5-11:51
MERGED from [com.mapzen.android:lost:3.0.4] AndroidManifest.xml:5:5-7:41
MERGED from [com.mapzen.android:lost:3.0.4] AndroidManifest.xml:5:5-7:41
MERGED from [com.android.support:design:27.0.2] AndroidManifest.xml:20:5-44
MERGED from [com.android.support:design:27.0.2] AndroidManifest.xml:20:5-44
MERGED from [com.android.support:appcompat-v7:27.0.2] AndroidManifest.xml:20:5-44
MERGED from [com.android.support:appcompat-v7:27.0.2] AndroidManifest.xml:20:5-44
MERGED from [com.android.support.constraint:constraint-layout:1.0.2] AndroidManifest.xml:5:5-7:41
MERGED from [com.android.support.constraint:constraint-layout:1.0.2] AndroidManifest.xml:5:5-7:41
MERGED from [com.android.support:recyclerview-v7:27.0.2] AndroidManifest.xml:20:5-44
MERGED from [com.android.support:recyclerview-v7:27.0.2] AndroidManifest.xml:20:5-44
MERGED from [com.android.support:cardview-v7:27.0.2] AndroidManifest.xml:20:5-44
MERGED from [com.android.support:cardview-v7:27.0.2] AndroidManifest.xml:20:5-44
MERGED from [com.github.IndoorLocation:indoor-location-android:1.0.4] AndroidManifest.xml:8:5-10:41
MERGED from [com.github.IndoorLocation:indoor-location-android:1.0.4] AndroidManifest.xml:8:5-10:41
MERGED from [me.dm7.barcodescanner:zxing:1.9.8] AndroidManifest.xml:7:5-9:41
MERGED from [me.dm7.barcodescanner:zxing:1.9.8] AndroidManifest.xml:7:5-9:41
MERGED from [com.android.support:animated-vector-drawable:27.0.2] AndroidManifest.xml:20:5-44
MERGED from [com.android.support:animated-vector-drawable:27.0.2] AndroidManifest.xml:20:5-44
MERGED from [com.android.support:support-vector-drawable:27.0.2] AndroidManifest.xml:20:5-44
MERGED from [com.android.support:support-vector-drawable:27.0.2] AndroidManifest.xml:20:5-44
MERGED from [com.android.support:transition:27.0.2] AndroidManifest.xml:20:5-44
MERGED from [com.android.support:transition:27.0.2] AndroidManifest.xml:20:5-44
MERGED from [me.dm7.barcodescanner:core:1.9.8] AndroidManifest.xml:7:5-9:41
MERGED from [me.dm7.barcodescanner:core:1.9.8] AndroidManifest.xml:7:5-9:41
MERGED from [com.android.support:support-v4:27.0.2] AndroidManifest.xml:20:5-44
MERGED from [com.android.support:support-v4:27.0.2] AndroidManifest.xml:20:5-44
MERGED from [com.android.support:support-fragment:27.0.2] AndroidManifest.xml:20:5-44
MERGED from [com.android.support:support-fragment:27.0.2] AndroidManifest.xml:20:5-44
MERGED from [com.android.support:support-core-utils:27.0.2] AndroidManifest.xml:20:5-44
MERGED from [com.android.support:support-core-utils:27.0.2] AndroidManifest.xml:20:5-44
MERGED from [com.android.support:support-core-ui:27.0.2] AndroidManifest.xml:20:5-44
MERGED from [com.android.support:support-core-ui:27.0.2] AndroidManifest.xml:20:5-44
MERGED from [com.android.support:support-media-compat:27.0.2] AndroidManifest.xml:20:5-44
MERGED from [com.android.support:support-media-compat:27.0.2] AndroidManifest.xml:20:5-44
MERGED from [com.android.support:support-compat:27.0.2] AndroidManifest.xml:20:5-44
MERGED from [com.android.support:support-compat:27.0.2] AndroidManifest.xml:20:5-44
MERGED from [com.mikepenz:materialize:1.0.0] AndroidManifest.xml:8:5-10:41
MERGED from [com.mikepenz:materialize:1.0.0] AndroidManifest.xml:8:5-10:41
MERGED from [com.mikepenz:iconics-core:2.8.0] AndroidManifest.xml:8:5-10:41
MERGED from [com.mikepenz:iconics-core:2.8.0] AndroidManifest.xml:8:5-10:41
MERGED from [com.mikepenz:fastadapter:1.8.0] AndroidManifest.xml:8:5-10:41
MERGED from [com.mikepenz:fastadapter:1.8.0] AndroidManifest.xml:8:5-10:41
MERGED from [io.realm:realm-android-library:3.0.0] AndroidManifest.xml:7:5-9:41
MERGED from [io.realm:realm-android-library:3.0.0] AndroidManifest.xml:7:5-9:41
MERGED from [com.github.franmontiel:PersistentCookieJar:v1.0.1] AndroidManifest.xml:8:5-10:41
MERGED from [com.github.franmontiel:PersistentCookieJar:v1.0.1] AndroidManifest.xml:8:5-10:41
MERGED from [com.getkeepsafe.relinker:relinker:1.2.2] AndroidManifest.xml:7:5-43
MERGED from [com.getkeepsafe.relinker:relinker:1.2.2] AndroidManifest.xml:7:5-43
MERGED from [com.jakewharton.timber:timber:4.5.1] AndroidManifest.xml:6:5-43
MERGED from [com.jakewharton.timber:timber:4.5.1] AndroidManifest.xml:6:5-43
MERGED from [android.arch.lifecycle:runtime:1.0.3] AndroidManifest.xml:20:5-22:41
MERGED from [android.arch.lifecycle:runtime:1.0.3] AndroidManifest.xml:20:5-22:41
INJECTED from src/main/AndroidManifest.xml
INJECTED from src/main/AndroidManifest.xml
	tools:overrideLibrary
		ADDED from [com.mapbox.mapboxsdk:mapbox-android-sdk:5.3.1] AndroidManifest.xml:9:9-48
	android:targetSdkVersion
		INJECTED from src/main/AndroidManifest.xml
		ADDED from src/main/AndroidManifest.xml
		INJECTED from src/main/AndroidManifest.xml
	android:minSdkVersion
		INJECTED from src/main/AndroidManifest.xml
		ADDED from src/main/AndroidManifest.xml
		INJECTED from src/main/AndroidManifest.xml
uses-feature#0x00020000
ADDED from [com.mapbox.mapboxsdk:mapbox-android-sdk:5.3.1] AndroidManifest.xml:11:5-13:35
	android:glEsVersion
		ADDED from [com.mapbox.mapboxsdk:mapbox-android-sdk:5.3.1] AndroidManifest.xml:12:9-41
	android:required
		ADDED from [com.mapbox.mapboxsdk:mapbox-android-sdk:5.3.1] AndroidManifest.xml:13:9-32
uses-feature#android.hardware.wifi
ADDED from [com.mapbox.mapboxsdk:mapbox-android-sdk:5.3.1] AndroidManifest.xml:14:5-16:36
MERGED from [com.mapzen.android:lost:3.0.4] AndroidManifest.xml:19:5-58
MERGED from [com.mapzen.android:lost:3.0.4] AndroidManifest.xml:19:5-58
	android:required
		ADDED from [com.mapbox.mapboxsdk:mapbox-android-sdk:5.3.1] AndroidManifest.xml:16:9-33
		MERGED from src/main/AndroidManifest.xml:14:5-16:36
	android:name
		ADDED from [com.mapbox.mapboxsdk:mapbox-android-sdk:5.3.1] AndroidManifest.xml:15:9-45
uses-feature#android.hardware.location.gps
ADDED from [com.mapbox.mapboxsdk:mapbox-android-sdk:5.3.1] AndroidManifest.xml:17:5-19:36
MERGED from [com.mapzen.android:lost:3.0.4] AndroidManifest.xml:13:5-15:36
MERGED from [com.mapzen.android:lost:3.0.4] AndroidManifest.xml:13:5-15:36
	android:required
		ADDED from [com.mapbox.mapboxsdk:mapbox-android-sdk:5.3.1] AndroidManifest.xml:19:9-33
	android:name
		ADDED from [com.mapbox.mapboxsdk:mapbox-android-sdk:5.3.1] AndroidManifest.xml:18:9-53
uses-permission#android.permission.ACCESS_WIFI_STATE
ADDED from [com.mapbox.mapboxsdk:mapbox-android-sdk:5.3.1] AndroidManifest.xml:23:5-76
	android:name
		ADDED from [com.mapbox.mapboxsdk:mapbox-android-sdk:5.3.1] AndroidManifest.xml:23:22-73
service#com.mapbox.services.android.telemetry.service.TelemetryService
ADDED from [com.mapbox.mapboxsdk:mapbox-android-sdk:5.3.1] AndroidManifest.xml:28:9-98
	android:name
		ADDED from [com.mapbox.mapboxsdk:mapbox-android-sdk:5.3.1] AndroidManifest.xml:28:18-95
uses-feature#android.hardware.sensor.accelerometer
ADDED from [com.mapzen.android:lost:3.0.4] AndroidManifest.xml:9:5-11:36
	android:required
		ADDED from [com.mapzen.android:lost:3.0.4] AndroidManifest.xml:11:9-33
	android:name
		ADDED from [com.mapzen.android:lost:3.0.4] AndroidManifest.xml:10:9-61
uses-feature#android.hardware.location
ADDED from [com.mapzen.android:lost:3.0.4] AndroidManifest.xml:12:5-62
	android:name
		ADDED from [com.mapzen.android:lost:3.0.4] AndroidManifest.xml:12:19-59
uses-feature#android.hardware.telephony
ADDED from [com.mapzen.android:lost:3.0.4] AndroidManifest.xml:16:5-18:36
	android:required
		ADDED from [com.mapzen.android:lost:3.0.4] AndroidManifest.xml:18:9-33
	android:name
		ADDED from [com.mapzen.android:lost:3.0.4] AndroidManifest.xml:17:9-50
service#com.mapzen.android.lost.internal.FusedLocationProviderService
ADDED from [com.mapzen.android:lost:3.0.4] AndroidManifest.xml:22:9-24:39
	android:process
		ADDED from [com.mapzen.android:lost:3.0.4] AndroidManifest.xml:24:13-36
	android:name
		ADDED from [com.mapzen.android:lost:3.0.4] AndroidManifest.xml:23:13-89
service#com.mapzen.android.lost.internal.GeofencingIntentService
ADDED from [com.mapzen.android:lost:3.0.4] AndroidManifest.xml:25:9-29:19
	android:name
		ADDED from [com.mapzen.android:lost:3.0.4] AndroidManifest.xml:25:18-89
intent-filter#action:name:com.mapzen.lost.action.ACTION_GEOFENCING_SERVICE
ADDED from [com.mapzen.android:lost:3.0.4] AndroidManifest.xml:26:13-28:29
action#com.mapzen.lost.action.ACTION_GEOFENCING_SERVICE
ADDED from [com.mapzen.android:lost:3.0.4] AndroidManifest.xml:27:17-91
	android:name
		ADDED from [com.mapzen.android:lost:3.0.4] AndroidManifest.xml:27:25-88
service#com.mapzen.android.lost.internal.DwellIntentService
ADDED from [com.mapzen.android:lost:3.0.4] AndroidManifest.xml:30:9-31:19
	android:name
		ADDED from [com.mapzen.android:lost:3.0.4] AndroidManifest.xml:30:18-84